<?xml version="1.0" encoding="UTF-8"?>
<!-- Generated by org.testng.reporters.JUnitReportReporter -->
<testsuite hostname="LAPTOP-JF3D1Q9Q" failures="0" tests="5" name="test1.Learnings" time="0.008" errors="0" timestamp="2022-06-08T15:45:30 IST" skipped="1">
  <testcase classname="test1.Learnings" name="bat" time="0.004"/>
  <system-out/>
  <testcase classname="test1.Learnings" name="apple" time="0.001"/>
  <system-out/>
  <testcase classname="test1.Learnings" name="zee" time="0.002"/>
  <system-out/>
  <testcase classname="test1.Learnings" name="cat" time="0.001"/>
  <system-out/>
  <testcase classname="test1.Learnings" name="skipMethod">
    <skipped/>
  </testcase> <!-- skipMethod -->
  <system-out/>
</testsuite> <!-- test1.Learnings -->
