<?xml version="1.0" encoding="UTF-8"?>
<!-- Generated by org.testng.reporters.JUnitReportReporter -->
<testsuite hostname="LAPTOP-JF3D1Q9Q" failures="0" tests="1" name="test.ClassOne" time="0.004" errors="0" timestamp="2022-04-02T15:48:29 IST" skipped="0">
  <testcase classname="test.ClassOne" name="CollectAndCreateList" time="0.004"/>
  <system-out/>
</testsuite> <!-- test.ClassOne -->
