<?xml version="1.0" encoding="UTF-8"?>
<!-- Generated by org.testng.reporters.JUnitReportReporter -->
<testsuite hostname="LAPTOP-JF3D1Q9Q" failures="0" tests="1" name="test1.Learnings2" time="0.007" errors="0" timestamp="2022-06-08T15:47:46 IST" skipped="0">
  <testcase classname="test1.Learnings2" name="Ant" time="0.007"/>
  <system-out/>
</testsuite> <!-- test1.Learnings2 -->
